
> @ordo-todo/marketing-backend@0.0.1 start
> nest start

C:\Users\tfurt\source\repos\ordo-todo\node_modules\@prisma\client\src\runtime\getPrismaClient.ts:259
        throw new PrismaClientInitializationError(
        ^


PrismaClientInitializationError: `PrismaClient` needs to be constructed with a non-empty, valid `PrismaClientOptions`:

```
new PrismaClient({
  ...
})
```

or

```
constructor() {
  super({ ... });
}
```
          
    at new t (C:\Users\tfurt\source\repos\ordo-todo\node_modules\@prisma\client\src\runtime\getPrismaClient.ts:259:15)
    at Object.<anonymous> (C:\Users\tfurt\source\repos\ordo-todo\packages\db\dist\src\client.js:11:5)
    at Module._compile (node:internal/modules/cjs/loader:1730:14)
    at Object..js (node:internal/modules/cjs/loader:1895:10)
    at Module.load (node:internal/modules/cjs/loader:1465:32)
    at Function._load (node:internal/modules/cjs/loader:1282:12)
    at TracingChannel.traceSync (node:diagnostics_channel:322:14)
    at wrapModuleLoad (node:internal/modules/cjs/loader:235:24)
    at Module.require (node:internal/modules/cjs/loader:1487:12)
    at require (node:internal/modules/helpers:135:16) {
  clientVersion: '7.2.0',
  errorCode: undefined,
  retryable: undefined
}

Node.js v22.17.0
npm error Lifecycle script `start` failed with error:
npm error code 1
npm error path C:\Users\tfurt\source\repos\ordo-todo\webpage\backend
npm error workspace @ordo-todo/marketing-backend@0.0.1
npm error location C:\Users\tfurt\source\repos\ordo-todo\webpage\backend
npm error command failed
npm error command C:\WINDOWS\system32\cmd.exe /d /s /c nest start
